Arguments: 
  C:\Program Files\nodejs\node.exe C:\Users\91988\AppData\Roaming\npm\node_modules\yarn\bin\yarn.js add react-reveal

PATH: 
  C:\Program Files\Git\mingw64\bin;C:\Program Files\Git\usr\bin;C:\Users\91988\bin;C:\Program Files\Common Files\Oracle\Java\javapath;C:\Program Files (x86)\Common Files\Oracle\Java\javapath;C:\Program Files\AdoptOpenJDK\jdk-11.0.8.10-hotspot\bin;C:\Python38\Scripts;C:\Python38;C:\WINDOWS\system32;C:\WINDOWS;C:\WINDOWS\System32\Wbem;C:\WINDOWS\System32\WindowsPowerShell\v1.0;C:\WINDOWS\System32\OpenSSH;C:\Program Files\Java\jdk-14.0.1\bin;C:\ProgramData\chocolatey\bin;C:\Program Files\Git\cmd;C:\MinGW\bin;C:\Program Files\Java\jdk-15\bin;C:\LLVM\bin;C:\Program Files\Microchip\xc8\v2.31\bin;C:\Users\91988\AppData\Local\Android\android-sdk\platform-tools;C:\Users\91988\AppData\Local\Android\Sdk;C:\Users\91988\AppData\Local\Android\Sdk\emulator;C:\Program Files\Docker\Docker\resources\bin;C:\ProgramData\DockerDesktop\version-bin;C:\Program Files\nodejs;C:\Program Files\Go\bin;C:\Program Files\MySQL\MySQL Shell 8.0\bin;C:\Users\91988\anaconda3;C:\Users\91988\anaconda3\Library\mingw-w64\bin;C:\Users\91988\anaconda3\Library\usr\bin;C:\Users\91988\anaconda3\Library\bin;C:\Users\91988\anaconda3\Scripts;C:\Users\91988\AppData\Local\Microsoft\WindowsApps;C:\Users\91988\AppData\Local\Programs\Microsoft VS Code\bin;C:\Users\91988\AppData\Local\hyper\app-3.0.2\resources\bin;C:\Program Files (x86)\GitHub CLI;C:\gradle-6.6.1\bin;E:\gradle-6.8.3\bin;C:\Program Files\MongoDB\Server\4.4\bin;E:\mongodb-win32-x86_64-windows-4.4.6\bin;C:\Users\91988\flutter\bin;C:\Program Files (x86)\mingw-w64\i686-8.1.0-posix-dwarf-rt_v6-rev0\mingw32\bin;C:\Program Files\heroku\bin;C:\Users\91988\AppData\Roaming\npm;C:\Users\91988\go\bin

Yarn version: 
  1.22.10

Node version: 
  16.15.0

Platform: 
  win32 x64

Trace: 
  Error: https://registry.yarnpkg.com/date-fns/-/date-fns-2.28.0.tgz: ESOCKETTIMEDOUT
      at ClientRequest.<anonymous> (C:\Users\91988\AppData\Roaming\npm\node_modules\yarn\lib\cli.js:141289:19)
      at Object.onceWrapper (node:events:641:28)
      at ClientRequest.emit (node:events:527:28)
      at TLSSocket.emitRequestTimeout (node:_http_client:771:9)
      at Object.onceWrapper (node:events:641:28)
      at TLSSocket.emit (node:events:539:35)
      at TLSSocket.Socket._onTimeout (node:net:516:8)
      at listOnTimeout (node:internal/timers:559:17)
      at processTimers (node:internal/timers:502:7)

npm manifest: 
  {
    "name": "portfolio",
    "version": "0.1.0",
    "private": true,
    "dependencies": {
      "@react-pdf/renderer": "^2.2.0",
      "@testing-library/jest-dom": "^5.16.2",
      "@testing-library/react": "^12.1.4",
      "@testing-library/user-event": "^13.5.0",
      "axios": "^0.26.1",
      "bootstrap": "^5.1.3",
      "react": "^17.0.2",
      "react-bootstrap": "^2.2.1",
      "react-dom": "^17.0.2",
      "react-github-calendar": "^3.2.2",
      "react-icons": "^4.3.1",
      "react-parallax-tilt": "^1.7.42",
      "react-pdf": "^5.7.1",
      "react-router-dom": "^6.2.2",
      "react-scripts": "5.0.0",
      "react-tsparticles": "^1.42.2",
      "typewriter-effect": "^2.18.2",
      "web-vitals": "^2.1.4"
    },
    "scripts": {
      "start": "react-scripts start",
      "build": "react-scripts build",
      "test": "react-scripts test",
      "eject": "react-scripts eject"
    },
    "eslintConfig": {
      "extends": [
        "react-app",
        "react-app/jest"
      ]
    },
    "browserslist": {
      "production": [
        ">0.2%",
        "not dead",
        "not op_mini all"
      ],
      "development": [
        "last 1 chrome version",
        "last 1 firefox version",
        "last 1 safari version"
      ]
    }
  }

yarn manifest: 
  No manifest

Lockfile: 
  No lockfile
